<?xml version="1.0" encoding="UTF-8"?>
<!-- Generated by org.testng.reporters.JUnitXMLReporter -->
<testsuite hostname="ramadugus-MacBook-Pro.local" ignored="0" name="Default test" tests="4" failures="0" timestamp="24 Feb 2017 19:49:39 GMT" time="49.358" errors="0">
  <testcase name="testSr01" time="1.112" classname="guru2.Sr01"/>
  <testcase name="testSr02" time="0.905" classname="guru2.Sr01"/>
  <testcase name="testSr03" time="3.584" classname="guru2.Sr01"/>
  <testcase name="testSr04" time="39.795" classname="guru2.Sr01"/>
</testsuite> <!-- Default test -->
