<?xml version="1.0" encoding="UTF-8"?>
<testng-results skipped="0" failed="0" ignored="0" total="4" passed="4">
  <reporter-output>
  </reporter-output>
  <suite name="Default suite" duration-ms="49358" started-at="2017-02-24T19:48:50Z" finished-at="2017-02-24T19:49:39Z">
    <groups>
    </groups>
    <test name="Default test" duration-ms="49358" started-at="2017-02-24T19:48:50Z" finished-at="2017-02-24T19:49:39Z">
      <class name="guru2.Sr01">
        <test-method status="PASS" signature="declaringVariables()[pri:0, instance:guru2.Sr01@7cd62f43]" name="declaringVariables" is-config="true" duration-ms="3629" started-at="2017-02-24T13:48:50Z" finished-at="2017-02-24T13:48:53Z">
          <reporter-output>
          </reporter-output>
        </test-method> <!-- declaringVariables -->
        <test-method status="PASS" signature="BeforeSr01()[pri:0, instance:guru2.Sr01@7cd62f43]" name="BeforeSr01" is-config="true" duration-ms="1" started-at="2017-02-24T13:48:53Z" finished-at="2017-02-24T13:48:53Z">
          <reporter-output>
          </reporter-output>
        </test-method> <!-- BeforeSr01 -->
        <test-method status="PASS" signature="BeforeSr02()[pri:0, instance:guru2.Sr01@7cd62f43]" name="BeforeSr02" is-config="true" duration-ms="0" started-at="2017-02-24T13:48:53Z" finished-at="2017-02-24T13:48:53Z">
          <reporter-output>
          </reporter-output>
        </test-method> <!-- BeforeSr02 -->
        <test-method status="PASS" signature="BeforeSr03()[pri:0, instance:guru2.Sr01@7cd62f43]" name="BeforeSr03" is-config="true" duration-ms="0" started-at="2017-02-24T13:48:53Z" finished-at="2017-02-24T13:48:53Z">
          <reporter-output>
          </reporter-output>
        </test-method> <!-- BeforeSr03 -->
        <test-method status="PASS" signature="BeforeSro4()[pri:0, instance:guru2.Sr01@7cd62f43]" name="BeforeSro4" is-config="true" duration-ms="1" started-at="2017-02-24T13:48:53Z" finished-at="2017-02-24T13:48:53Z">
          <reporter-output>
          </reporter-output>
        </test-method> <!-- BeforeSro4 -->
        <test-method status="PASS" signature="testSr01()[pri:0, instance:guru2.Sr01@7cd62f43]" name="testSr01" duration-ms="1112" started-at="2017-02-24T13:48:53Z" finished-at="2017-02-24T13:48:54Z">
          <reporter-output>
          </reporter-output>
        </test-method> <!-- testSr01 -->
        <test-method status="PASS" signature="tearDown02()[pri:0, instance:guru2.Sr01@7cd62f43]" name="tearDown02" is-config="true" duration-ms="0" started-at="2017-02-24T13:48:54Z" finished-at="2017-02-24T13:48:54Z">
          <reporter-output>
          </reporter-output>
        </test-method> <!-- tearDown02 -->
        <test-method status="PASS" signature="tearDown03()[pri:0, instance:guru2.Sr01@7cd62f43]" name="tearDown03" is-config="true" duration-ms="1" started-at="2017-02-24T13:48:54Z" finished-at="2017-02-24T13:48:54Z">
          <reporter-output>
          </reporter-output>
        </test-method> <!-- tearDown03 -->
        <test-method status="PASS" signature="tearDown01()[pri:0, instance:guru2.Sr01@7cd62f43]" name="tearDown01" is-config="true" duration-ms="0" started-at="2017-02-24T13:48:54Z" finished-at="2017-02-24T13:48:54Z">
          <reporter-output>
          </reporter-output>
        </test-method> <!-- tearDown01 -->
        <test-method status="PASS" signature="tearDown04()[pri:0, instance:guru2.Sr01@7cd62f43]" name="tearDown04" is-config="true" duration-ms="0" started-at="2017-02-24T13:48:54Z" finished-at="2017-02-24T13:48:54Z">
          <reporter-output>
          </reporter-output>
        </test-method> <!-- tearDown04 -->
        <test-method status="PASS" signature="BeforeSr01()[pri:0, instance:guru2.Sr01@7cd62f43]" name="BeforeSr01" is-config="true" duration-ms="3" started-at="2017-02-24T13:48:54Z" finished-at="2017-02-24T13:48:54Z">
          <reporter-output>
          </reporter-output>
        </test-method> <!-- BeforeSr01 -->
        <test-method status="PASS" signature="BeforeSr03()[pri:0, instance:guru2.Sr01@7cd62f43]" name="BeforeSr03" is-config="true" duration-ms="1" started-at="2017-02-24T13:48:54Z" finished-at="2017-02-24T13:48:54Z">
          <reporter-output>
          </reporter-output>
        </test-method> <!-- BeforeSr03 -->
        <test-method status="PASS" signature="BeforeSr02()[pri:0, instance:guru2.Sr01@7cd62f43]" name="BeforeSr02" is-config="true" duration-ms="0" started-at="2017-02-24T13:48:54Z" finished-at="2017-02-24T13:48:54Z">
          <reporter-output>
          </reporter-output>
        </test-method> <!-- BeforeSr02 -->
        <test-method status="PASS" signature="testSr02()[pri:0, instance:guru2.Sr01@7cd62f43]" name="testSr02" duration-ms="905" started-at="2017-02-24T13:48:54Z" finished-at="2017-02-24T13:48:55Z">
          <reporter-output>
          </reporter-output>
        </test-method> <!-- testSr02 -->
        <test-method status="PASS" signature="BeforeSro4()[pri:0, instance:guru2.Sr01@7cd62f43]" name="BeforeSro4" is-config="true" duration-ms="0" started-at="2017-02-24T13:48:54Z" finished-at="2017-02-24T13:48:54Z">
          <reporter-output>
          </reporter-output>
        </test-method> <!-- BeforeSro4 -->
        <test-method status="PASS" signature="tearDown01()[pri:0, instance:guru2.Sr01@7cd62f43]" name="tearDown01" is-config="true" duration-ms="1" started-at="2017-02-24T13:48:55Z" finished-at="2017-02-24T13:48:55Z">
          <reporter-output>
          </reporter-output>
        </test-method> <!-- tearDown01 -->
        <test-method status="PASS" signature="tearDown03()[pri:0, instance:guru2.Sr01@7cd62f43]" name="tearDown03" is-config="true" duration-ms="0" started-at="2017-02-24T13:48:55Z" finished-at="2017-02-24T13:48:55Z">
          <reporter-output>
          </reporter-output>
        </test-method> <!-- tearDown03 -->
        <test-method status="PASS" signature="tearDown04()[pri:0, instance:guru2.Sr01@7cd62f43]" name="tearDown04" is-config="true" duration-ms="1" started-at="2017-02-24T13:48:55Z" finished-at="2017-02-24T13:48:55Z">
          <reporter-output>
          </reporter-output>
        </test-method> <!-- tearDown04 -->
        <test-method status="PASS" signature="tearDown02()[pri:0, instance:guru2.Sr01@7cd62f43]" name="tearDown02" is-config="true" duration-ms="0" started-at="2017-02-24T13:48:55Z" finished-at="2017-02-24T13:48:55Z">
          <reporter-output>
          </reporter-output>
        </test-method> <!-- tearDown02 -->
        <test-method status="PASS" signature="BeforeSr02()[pri:0, instance:guru2.Sr01@7cd62f43]" name="BeforeSr02" is-config="true" duration-ms="0" started-at="2017-02-24T13:48:55Z" finished-at="2017-02-24T13:48:55Z">
          <reporter-output>
          </reporter-output>
        </test-method> <!-- BeforeSr02 -->
        <test-method status="PASS" signature="BeforeSr03()[pri:0, instance:guru2.Sr01@7cd62f43]" name="BeforeSr03" is-config="true" duration-ms="1" started-at="2017-02-24T13:48:55Z" finished-at="2017-02-24T13:48:55Z">
          <reporter-output>
          </reporter-output>
        </test-method> <!-- BeforeSr03 -->
        <test-method status="PASS" signature="BeforeSr01()[pri:0, instance:guru2.Sr01@7cd62f43]" name="BeforeSr01" is-config="true" duration-ms="0" started-at="2017-02-24T13:48:55Z" finished-at="2017-02-24T13:48:55Z">
          <reporter-output>
          </reporter-output>
        </test-method> <!-- BeforeSr01 -->
        <test-method status="PASS" signature="BeforeSro4()[pri:0, instance:guru2.Sr01@7cd62f43]" name="BeforeSro4" is-config="true" duration-ms="0" started-at="2017-02-24T13:48:55Z" finished-at="2017-02-24T13:48:55Z">
          <reporter-output>
          </reporter-output>
        </test-method> <!-- BeforeSro4 -->
        <test-method status="PASS" signature="testSr03()[pri:0, instance:guru2.Sr01@7cd62f43]" name="testSr03" duration-ms="3584" started-at="2017-02-24T13:48:55Z" finished-at="2017-02-24T13:48:59Z">
          <reporter-output>
          </reporter-output>
        </test-method> <!-- testSr03 -->
        <test-method status="PASS" signature="tearDown04()[pri:0, instance:guru2.Sr01@7cd62f43]" name="tearDown04" is-config="true" duration-ms="1" started-at="2017-02-24T13:48:59Z" finished-at="2017-02-24T13:48:59Z">
          <reporter-output>
          </reporter-output>
        </test-method> <!-- tearDown04 -->
        <test-method status="PASS" signature="tearDown02()[pri:0, instance:guru2.Sr01@7cd62f43]" name="tearDown02" is-config="true" duration-ms="0" started-at="2017-02-24T13:48:59Z" finished-at="2017-02-24T13:48:59Z">
          <reporter-output>
          </reporter-output>
        </test-method> <!-- tearDown02 -->
        <test-method status="PASS" signature="tearDown03()[pri:0, instance:guru2.Sr01@7cd62f43]" name="tearDown03" is-config="true" duration-ms="0" started-at="2017-02-24T13:48:59Z" finished-at="2017-02-24T13:48:59Z">
          <reporter-output>
          </reporter-output>
        </test-method> <!-- tearDown03 -->
        <test-method status="PASS" signature="tearDown01()[pri:0, instance:guru2.Sr01@7cd62f43]" name="tearDown01" is-config="true" duration-ms="0" started-at="2017-02-24T13:48:59Z" finished-at="2017-02-24T13:48:59Z">
          <reporter-output>
          </reporter-output>
        </test-method> <!-- tearDown01 -->
        <test-method status="PASS" signature="BeforeSr02()[pri:0, instance:guru2.Sr01@7cd62f43]" name="BeforeSr02" is-config="true" duration-ms="1" started-at="2017-02-24T13:48:59Z" finished-at="2017-02-24T13:48:59Z">
          <reporter-output>
          </reporter-output>
        </test-method> <!-- BeforeSr02 -->
        <test-method status="PASS" signature="BeforeSr01()[pri:0, instance:guru2.Sr01@7cd62f43]" name="BeforeSr01" is-config="true" duration-ms="0" started-at="2017-02-24T13:48:59Z" finished-at="2017-02-24T13:48:59Z">
          <reporter-output>
          </reporter-output>
        </test-method> <!-- BeforeSr01 -->
        <test-method status="PASS" signature="BeforeSr03()[pri:0, instance:guru2.Sr01@7cd62f43]" name="BeforeSr03" is-config="true" duration-ms="0" started-at="2017-02-24T13:48:59Z" finished-at="2017-02-24T13:48:59Z">
          <reporter-output>
          </reporter-output>
        </test-method> <!-- BeforeSr03 -->
        <test-method status="PASS" signature="testSr04()[pri:0, instance:guru2.Sr01@7cd62f43]" name="testSr04" duration-ms="39795" started-at="2017-02-24T13:48:59Z" finished-at="2017-02-24T13:49:39Z">
          <reporter-output>
          </reporter-output>
        </test-method> <!-- testSr04 -->
        <test-method status="PASS" signature="BeforeSro4()[pri:0, instance:guru2.Sr01@7cd62f43]" name="BeforeSro4" is-config="true" duration-ms="0" started-at="2017-02-24T13:48:59Z" finished-at="2017-02-24T13:48:59Z">
          <reporter-output>
          </reporter-output>
        </test-method> <!-- BeforeSro4 -->
        <test-method status="PASS" signature="tearDown01()[pri:0, instance:guru2.Sr01@7cd62f43]" name="tearDown01" is-config="true" duration-ms="1" started-at="2017-02-24T13:49:39Z" finished-at="2017-02-24T13:49:39Z">
          <reporter-output>
          </reporter-output>
        </test-method> <!-- tearDown01 -->
        <test-method status="PASS" signature="tearDown04()[pri:0, instance:guru2.Sr01@7cd62f43]" name="tearDown04" is-config="true" duration-ms="1" started-at="2017-02-24T13:49:39Z" finished-at="2017-02-24T13:49:39Z">
          <reporter-output>
          </reporter-output>
        </test-method> <!-- tearDown04 -->
        <test-method status="PASS" signature="tearDown03()[pri:0, instance:guru2.Sr01@7cd62f43]" name="tearDown03" is-config="true" duration-ms="0" started-at="2017-02-24T13:49:39Z" finished-at="2017-02-24T13:49:39Z">
          <reporter-output>
          </reporter-output>
        </test-method> <!-- tearDown03 -->
        <test-method status="PASS" signature="tearDown02()[pri:0, instance:guru2.Sr01@7cd62f43]" name="tearDown02" is-config="true" duration-ms="0" started-at="2017-02-24T13:49:39Z" finished-at="2017-02-24T13:49:39Z">
          <reporter-output>
          </reporter-output>
        </test-method> <!-- tearDown02 -->
        <test-method status="PASS" signature="closingStatements()[pri:0, instance:guru2.Sr01@7cd62f43]" name="closingStatements" is-config="true" duration-ms="269" started-at="2017-02-24T13:49:39Z" finished-at="2017-02-24T13:49:39Z">
          <reporter-output>
          </reporter-output>
        </test-method> <!-- closingStatements -->
      </class> <!-- guru2.Sr01 -->
    </test> <!-- Default test -->
  </suite> <!-- Default suite -->
</testng-results>
