<?xml version="1.0" encoding="UTF-8"?>
<testng-results skipped="0" failed="1" ignored="0" total="3" passed="2">
  <reporter-output>
  </reporter-output>
  <suite name="Default suite" duration-ms="37616" started-at="2017-02-23T00:31:33Z" finished-at="2017-02-23T00:32:11Z">
    <groups>
    </groups>
    <test name="Default test" duration-ms="37616" started-at="2017-02-23T00:31:33Z" finished-at="2017-02-23T00:32:11Z">
      <class name="guru2.Sr01">
        <test-method status="PASS" signature="declaringVariables()[pri:0, instance:guru2.Sr01@7cd62f43]" name="declaringVariables" is-config="true" duration-ms="3711" started-at="2017-02-22T18:31:33Z" finished-at="2017-02-22T18:31:37Z">
          <reporter-output>
          </reporter-output>
        </test-method> <!-- declaringVariables -->
        <test-method status="PASS" signature="BeforeSr01()[pri:0, instance:guru2.Sr01@7cd62f43]" name="BeforeSr01" is-config="true" duration-ms="1" started-at="2017-02-22T18:31:37Z" finished-at="2017-02-22T18:31:37Z">
          <reporter-output>
          </reporter-output>
        </test-method> <!-- BeforeSr01 -->
        <test-method status="PASS" signature="BeforeSr02()[pri:0, instance:guru2.Sr01@7cd62f43]" name="BeforeSr02" is-config="true" duration-ms="0" started-at="2017-02-22T18:31:37Z" finished-at="2017-02-22T18:31:37Z">
          <reporter-output>
          </reporter-output>
        </test-method> <!-- BeforeSr02 -->
        <test-method status="PASS" signature="BeforeSr03()[pri:0, instance:guru2.Sr01@7cd62f43]" name="BeforeSr03" is-config="true" duration-ms="3" started-at="2017-02-22T18:31:37Z" finished-at="2017-02-22T18:31:37Z">
          <reporter-output>
          </reporter-output>
        </test-method> <!-- BeforeSr03 -->
        <test-method status="PASS" signature="testSr01()[pri:0, instance:guru2.Sr01@7cd62f43]" name="testSr01" duration-ms="875" started-at="2017-02-22T18:31:37Z" finished-at="2017-02-22T18:31:38Z">
          <reporter-output>
          </reporter-output>
        </test-method> <!-- testSr01 -->
        <test-method status="PASS" signature="tearDown()[pri:0, instance:guru2.Sr01@7cd62f43]" name="tearDown" is-config="true" duration-ms="5" started-at="2017-02-22T18:31:38Z" finished-at="2017-02-22T18:31:38Z">
          <reporter-output>
          </reporter-output>
        </test-method> <!-- tearDown -->
        <test-method status="PASS" signature="tearDown2()[pri:0, instance:guru2.Sr01@7cd62f43]" name="tearDown2" is-config="true" duration-ms="1" started-at="2017-02-22T18:31:38Z" finished-at="2017-02-22T18:31:38Z">
          <reporter-output>
          </reporter-output>
        </test-method> <!-- tearDown2 -->
        <test-method status="PASS" signature="tearDown3()[pri:0, instance:guru2.Sr01@7cd62f43]" name="tearDown3" is-config="true" duration-ms="0" started-at="2017-02-22T18:31:38Z" finished-at="2017-02-22T18:31:38Z">
          <reporter-output>
          </reporter-output>
        </test-method> <!-- tearDown3 -->
        <test-method status="PASS" signature="BeforeSr01()[pri:0, instance:guru2.Sr01@7cd62f43]" name="BeforeSr01" is-config="true" duration-ms="16" started-at="2017-02-22T18:31:38Z" finished-at="2017-02-22T18:31:38Z">
          <reporter-output>
          </reporter-output>
        </test-method> <!-- BeforeSr01 -->
        <test-method status="PASS" signature="BeforeSr03()[pri:0, instance:guru2.Sr01@7cd62f43]" name="BeforeSr03" is-config="true" duration-ms="1" started-at="2017-02-22T18:31:38Z" finished-at="2017-02-22T18:31:38Z">
          <reporter-output>
          </reporter-output>
        </test-method> <!-- BeforeSr03 -->
        <test-method status="PASS" signature="BeforeSr02()[pri:0, instance:guru2.Sr01@7cd62f43]" name="BeforeSr02" is-config="true" duration-ms="0" started-at="2017-02-22T18:31:38Z" finished-at="2017-02-22T18:31:38Z">
          <reporter-output>
          </reporter-output>
        </test-method> <!-- BeforeSr02 -->
        <test-method status="PASS" signature="testSr02()[pri:0, instance:guru2.Sr01@7cd62f43]" name="testSr02" duration-ms="272" started-at="2017-02-22T18:31:38Z" finished-at="2017-02-22T18:31:38Z">
          <reporter-output>
          </reporter-output>
        </test-method> <!-- testSr02 -->
        <test-method status="PASS" signature="tearDown()[pri:0, instance:guru2.Sr01@7cd62f43]" name="tearDown" is-config="true" duration-ms="1" started-at="2017-02-22T18:31:38Z" finished-at="2017-02-22T18:31:38Z">
          <reporter-output>
          </reporter-output>
        </test-method> <!-- tearDown -->
        <test-method status="PASS" signature="tearDown2()[pri:0, instance:guru2.Sr01@7cd62f43]" name="tearDown2" is-config="true" duration-ms="0" started-at="2017-02-22T18:31:38Z" finished-at="2017-02-22T18:31:38Z">
          <reporter-output>
          </reporter-output>
        </test-method> <!-- tearDown2 -->
        <test-method status="PASS" signature="tearDown3()[pri:0, instance:guru2.Sr01@7cd62f43]" name="tearDown3" is-config="true" duration-ms="0" started-at="2017-02-22T18:31:38Z" finished-at="2017-02-22T18:31:38Z">
          <reporter-output>
          </reporter-output>
        </test-method> <!-- tearDown3 -->
        <test-method status="PASS" signature="BeforeSr02()[pri:0, instance:guru2.Sr01@7cd62f43]" name="BeforeSr02" is-config="true" duration-ms="0" started-at="2017-02-22T18:31:38Z" finished-at="2017-02-22T18:31:38Z">
          <reporter-output>
          </reporter-output>
        </test-method> <!-- BeforeSr02 -->
        <test-method status="PASS" signature="BeforeSr01()[pri:0, instance:guru2.Sr01@7cd62f43]" name="BeforeSr01" is-config="true" duration-ms="0" started-at="2017-02-22T18:31:38Z" finished-at="2017-02-22T18:31:38Z">
          <reporter-output>
          </reporter-output>
        </test-method> <!-- BeforeSr01 -->
        <test-method status="PASS" signature="BeforeSr03()[pri:0, instance:guru2.Sr01@7cd62f43]" name="BeforeSr03" is-config="true" duration-ms="1" started-at="2017-02-22T18:31:38Z" finished-at="2017-02-22T18:31:38Z">
          <reporter-output>
          </reporter-output>
        </test-method> <!-- BeforeSr03 -->
        <test-method status="FAIL" signature="testSr03()[pri:0, instance:guru2.Sr01@7cd62f43]" name="testSr03" duration-ms="32372" started-at="2017-02-22T18:31:38Z" finished-at="2017-02-22T18:32:10Z">
          <exception class="org.openqa.selenium.NoSuchElementException">
            <message>
              <![CDATA[Unable to locate element: body > div > div > div.main-container.col1-layout > div > div > div.page-title > h1
For documentation on this error, please visit: http://seleniumhq.org/exceptions/no_such_element.html
Build info: version: '3.0.1', revision: '1969d75', time: '2016-10-18 09:48:19 -0700'
System info: host: 'ramadugus-MacBook-Pro.local', ip: '192.168.1.17', os.name: 'Mac OS X', os.arch: 'x86_64', os.version: '10.12.3', java.version: '1.8.0_101'
Driver info: org.openqa.selenium.firefox.FirefoxDriver
Capabilities [{rotatable=false, raisesAccessibilityExceptions=false, marionette=true, firefoxOptions={args=[], prefs={}}, appBuildId=20160922113459, moz:firefoxOptions={args=[], prefs={}}, version=, platform=MAC, proxy={}, command_id=1, specificationLevel=0, acceptSslCerts=false, processId=32352, browserVersion=49.0.1, platformVersion=16.4.0, XULappId={ec8030f7-c20a-464f-9b0e-13a3a9e97384}, browserName=firefox, takesScreenshot=true, takesElementScreenshot=true, platformName=darwin, device=desktop}]
Session ID: eca70462-a1ac-0949-9f3c-4d7e5bcf9798
*** Element info: {Using=css selector, value=body > div > div > div.main-container.col1-layout > div > div > div.page-title > h1}]]>
            </message>
            <full-stacktrace>
              <![CDATA[org.openqa.selenium.NoSuchElementException: Unable to locate element: body > div > div > div.main-container.col1-layout > div > div > div.page-title > h1
For documentation on this error, please visit: http://seleniumhq.org/exceptions/no_such_element.html
Build info: version: '3.0.1', revision: '1969d75', time: '2016-10-18 09:48:19 -0700'
System info: host: 'ramadugus-MacBook-Pro.local', ip: '192.168.1.17', os.name: 'Mac OS X', os.arch: 'x86_64', os.version: '10.12.3', java.version: '1.8.0_101'
Driver info: org.openqa.selenium.firefox.FirefoxDriver
Capabilities [{rotatable=false, raisesAccessibilityExceptions=false, marionette=true, firefoxOptions={args=[], prefs={}}, appBuildId=20160922113459, moz:firefoxOptions={args=[], prefs={}}, version=, platform=MAC, proxy={}, command_id=1, specificationLevel=0, acceptSslCerts=false, processId=32352, browserVersion=49.0.1, platformVersion=16.4.0, XULappId={ec8030f7-c20a-464f-9b0e-13a3a9e97384}, browserName=firefox, takesScreenshot=true, takesElementScreenshot=true, platformName=darwin, device=desktop}]
Session ID: eca70462-a1ac-0949-9f3c-4d7e5bcf9798
*** Element info: {Using=css selector, value=body > div > div > div.main-container.col1-layout > div > div > div.page-title > h1}
	at sun.reflect.NativeConstructorAccessorImpl.newInstance0(Native Method)
	at sun.reflect.NativeConstructorAccessorImpl.newInstance(NativeConstructorAccessorImpl.java:62)
	at sun.reflect.DelegatingConstructorAccessorImpl.newInstance(DelegatingConstructorAccessorImpl.java:45)
	at java.lang.reflect.Constructor.newInstance(Constructor.java:423)
	at org.openqa.selenium.remote.http.W3CHttpResponseCodec.createException(W3CHttpResponseCodec.java:127)
	at org.openqa.selenium.remote.http.W3CHttpResponseCodec.decode(W3CHttpResponseCodec.java:93)
	at org.openqa.selenium.remote.http.W3CHttpResponseCodec.decode(W3CHttpResponseCodec.java:42)
	at org.openqa.selenium.remote.HttpCommandExecutor.execute(HttpCommandExecutor.java:163)
	at org.openqa.selenium.remote.service.DriverCommandExecutor.execute(DriverCommandExecutor.java:82)
	at org.openqa.selenium.remote.RemoteWebDriver.execute(RemoteWebDriver.java:601)
	at org.openqa.selenium.remote.RemoteWebDriver.findElement(RemoteWebDriver.java:368)
	at org.openqa.selenium.remote.RemoteWebDriver.findElementByCssSelector(RemoteWebDriver.java:465)
	at org.openqa.selenium.By$ByCssSelector.findElement(By.java:430)
	at org.openqa.selenium.remote.RemoteWebDriver.findElement(RemoteWebDriver.java:360)
	at guru2.Sr01.testSr03(Sr01.java:117)
	at sun.reflect.NativeMethodAccessorImpl.invoke0(Native Method)
	at sun.reflect.NativeMethodAccessorImpl.invoke(NativeMethodAccessorImpl.java:62)
	at sun.reflect.DelegatingMethodAccessorImpl.invoke(DelegatingMethodAccessorImpl.java:43)
	at java.lang.reflect.Method.invoke(Method.java:498)
	at org.testng.internal.MethodInvocationHelper.invokeMethod(MethodInvocationHelper.java:104)
	at org.testng.internal.Invoker.invokeMethod(Invoker.java:645)
	at org.testng.internal.Invoker.invokeTestMethod(Invoker.java:851)
	at org.testng.internal.Invoker.invokeTestMethods(Invoker.java:1177)
	at org.testng.internal.TestMethodWorker.invokeTestMethods(TestMethodWorker.java:129)
	at org.testng.internal.TestMethodWorker.run(TestMethodWorker.java:112)
	at org.testng.TestRunner.privateRun(TestRunner.java:756)
	at org.testng.TestRunner.run(TestRunner.java:610)
	at org.testng.SuiteRunner.runTest(SuiteRunner.java:387)
	at org.testng.SuiteRunner.runSequentially(SuiteRunner.java:382)
	at org.testng.SuiteRunner.privateRun(SuiteRunner.java:340)
	at org.testng.SuiteRunner.run(SuiteRunner.java:289)
	at org.testng.SuiteRunnerWorker.runSuite(SuiteRunnerWorker.java:52)
	at org.testng.SuiteRunnerWorker.run(SuiteRunnerWorker.java:86)
	at org.testng.TestNG.runSuitesSequentially(TestNG.java:1293)
	at org.testng.TestNG.runSuitesLocally(TestNG.java:1218)
	at org.testng.TestNG.runSuites(TestNG.java:1133)
	at org.testng.TestNG.run(TestNG.java:1104)
	at org.testng.remote.AbstractRemoteTestNG.run(AbstractRemoteTestNG.java:132)
	at org.testng.remote.RemoteTestNG.initAndRun(RemoteTestNG.java:236)
	at org.testng.remote.RemoteTestNG.main(RemoteTestNG.java:81)
]]>
            </full-stacktrace>
          </exception> <!-- org.openqa.selenium.NoSuchElementException -->
          <reporter-output>
          </reporter-output>
        </test-method> <!-- testSr03 -->
        <test-method status="PASS" signature="tearDown2()[pri:0, instance:guru2.Sr01@7cd62f43]" name="tearDown2" is-config="true" duration-ms="1" started-at="2017-02-22T18:32:11Z" finished-at="2017-02-22T18:32:11Z">
          <reporter-output>
          </reporter-output>
        </test-method> <!-- tearDown2 -->
        <test-method status="PASS" signature="tearDown()[pri:0, instance:guru2.Sr01@7cd62f43]" name="tearDown" is-config="true" duration-ms="0" started-at="2017-02-22T18:32:11Z" finished-at="2017-02-22T18:32:11Z">
          <reporter-output>
          </reporter-output>
        </test-method> <!-- tearDown -->
        <test-method status="PASS" signature="tearDown3()[pri:0, instance:guru2.Sr01@7cd62f43]" name="tearDown3" is-config="true" duration-ms="0" started-at="2017-02-22T18:32:11Z" finished-at="2017-02-22T18:32:11Z">
          <reporter-output>
          </reporter-output>
        </test-method> <!-- tearDown3 -->
        <test-method status="PASS" signature="closingStatements()[pri:0, instance:guru2.Sr01@7cd62f43]" name="closingStatements" is-config="true" duration-ms="161" started-at="2017-02-22T18:32:11Z" finished-at="2017-02-22T18:32:11Z">
          <reporter-output>
          </reporter-output>
        </test-method> <!-- closingStatements -->
      </class> <!-- guru2.Sr01 -->
    </test> <!-- Default test -->
  </suite> <!-- Default suite -->
</testng-results>
